23:31:55.838 [Worker-10] INFO  o.a.AndroidAnnotationProcessor:84 - Initialize AndroidAnnotations 3.1 with options {phase=BUILD}
23:32:01.669 [Worker-7] INFO  o.a.AndroidAnnotationProcessor:84 - Initialize AndroidAnnotations 3.1 with options {phase=BUILD}
23:32:01.671 [Worker-7] INFO  o.a.AndroidAnnotationProcessor:108 - Start processing for 1 annotations on 1 elements
23:32:01.678 [Worker-7] DEBUG o.a.h.AndroidManifestFinder:137 - AndroidManifest.xml file found in parent folder /Users/kisstajmi/Documents/workspace/BS15: /Users/kisstajmi/Documents/workspace/BS15/AndroidManifest.xml
23:32:01.680 [Worker-7] INFO  o.a.AndroidAnnotationProcessor:171 - AndroidManifest.xml found: AndroidManifest [applicationPackage=com.nng.bs15, componentQualifiedNames=[com.nng.bs15.MainActivity_], permissionQualifiedNames=[], applicationClassName=null, libraryProject=false, debugabble=false, minSdkVersion=14, maxSdkVersion=-1, targetSdkVersion=21]
23:32:01.681 [Worker-7] INFO  o.a.r.ProjectRClassFinder:50 - Found project R class: com.nng.bs15.R
23:32:01.683 [Worker-7] INFO  o.a.r.AndroidRClassFinder:44 - Found Android class: android.R
23:32:01.693 [Worker-7] INFO  o.a.p.ModelValidator:42 - Validating elements
23:32:01.694 [Worker-7] DEBUG o.a.p.ModelValidator:62 - Validating with EFragmentHandler: [com.nng.bs15.RegisterDatasFragment]
23:32:01.712 [Worker-7] INFO  o.a.p.ModelProcessor:69 - Processing root elements
23:32:01.713 [Worker-7] DEBUG o.a.p.ModelProcessor:160 - Processing root elements EFragmentHandler: [com.nng.bs15.RegisterDatasFragment]
23:32:01.714 [Worker-7] INFO  o.a.p.ModelProcessor:77 - Processing enclosed elements
23:32:01.715 [Worker-7] INFO  o.a.AndroidAnnotationProcessor:250 - Number of files generated by AndroidAnnotations: 1
23:32:01.716 [Worker-7] INFO  o.a.g.ApiCodeGenerator:52 - Writting following API classes in project: []
23:32:01.716 [Worker-7] DEBUG o.a.g.SourceCodewriter:55 - Generating class: com.nng.bs15.RegisterDatasFragment_
23:32:01.720 [Worker-7] INFO  o.a.p.TimeStats:81 - Time measurements: [Whole Processing = 49 ms], [Validate Annotations = 19 ms], [Find R Classes = 12 ms], [Extract Annotations = 7 ms], [Generate Sources = 5 ms], [Process Annotations = 3 ms], [Extract Manifest = 2 ms], 
23:32:01.721 [Worker-7] INFO  o.a.AndroidAnnotationProcessor:122 - Finish processing
23:41:55.631 [Worker-3] INFO  o.a.AndroidAnnotationProcessor:84 - Initialize AndroidAnnotations 3.1 with options {phase=BUILD}
23:41:55.649 [Worker-3] INFO  o.a.AndroidAnnotationProcessor:108 - Start processing for 2 annotations on 1 elements
23:41:55.967 [Worker-3] DEBUG o.a.h.AndroidManifestFinder:137 - AndroidManifest.xml file found in parent folder /Users/kisstajmi/Documents/workspace/BS15: /Users/kisstajmi/Documents/workspace/BS15/AndroidManifest.xml
23:41:56.28 [Worker-3] INFO  o.a.AndroidAnnotationProcessor:171 - AndroidManifest.xml found: AndroidManifest [applicationPackage=com.nng.bs15, componentQualifiedNames=[com.nng.bs15.MainActivity_], permissionQualifiedNames=[], applicationClassName=null, libraryProject=false, debugabble=false, minSdkVersion=14, maxSdkVersion=-1, targetSdkVersion=21]
23:41:56.29 [Worker-3] INFO  o.a.r.ProjectRClassFinder:50 - Found project R class: com.nng.bs15.R
23:41:56.158 [Worker-3] INFO  o.a.r.AndroidRClassFinder:44 - Found Android class: android.R
23:41:56.211 [Worker-3] INFO  o.a.p.ModelValidator:42 - Validating elements
23:41:56.214 [Worker-3] DEBUG o.a.p.ModelValidator:62 - Validating with EActivityHandler: [com.nng.bs15.MainActivity]
23:41:56.215 [Worker-3] DEBUG o.a.p.ModelValidator:62 - Validating with OptionsMenuHandler: [com.nng.bs15.MainActivity]
23:41:56.216 [Worker-3] INFO  o.a.p.ModelProcessor:69 - Processing root elements
23:41:56.217 [Worker-3] DEBUG o.a.p.ModelProcessor:160 - Processing root elements EActivityHandler: [com.nng.bs15.MainActivity]
23:41:56.247 [Worker-3] INFO  o.a.p.ModelProcessor:77 - Processing enclosed elements
23:41:56.248 [Worker-3] INFO  o.a.AndroidAnnotationProcessor:250 - Number of files generated by AndroidAnnotations: 1
23:41:56.249 [Worker-3] INFO  o.a.g.ApiCodeGenerator:52 - Writting following API classes in project: []
23:41:56.250 [Worker-3] DEBUG o.a.g.SourceCodewriter:55 - Generating class: com.nng.bs15.MainActivity_
23:41:56.267 [Worker-3] INFO  o.a.p.TimeStats:81 - Time measurements: [Whole Processing = 618 ms], [Extract Annotations = 317 ms], [Find R Classes = 182 ms], [Extract Manifest = 62 ms], [Process Annotations = 32 ms], [Generate Sources = 19 ms], [Validate Annotations = 5 ms], 
23:41:56.268 [Worker-3] INFO  o.a.AndroidAnnotationProcessor:122 - Finish processing
23:43:57.37 [Worker-3] INFO  o.a.AndroidAnnotationProcessor:84 - Initialize AndroidAnnotations 3.1 with options {phase=BUILD}
23:43:57.392 [Worker-3] INFO  o.a.AndroidAnnotationProcessor:108 - Start processing for 3 annotations on 4 elements
23:43:57.633 [Worker-3] DEBUG o.a.h.AndroidManifestFinder:137 - AndroidManifest.xml file found in parent folder /Users/kisstajmi/Documents/workspace/BS15: /Users/kisstajmi/Documents/workspace/BS15/AndroidManifest.xml
23:43:57.652 [Worker-3] INFO  o.a.AndroidAnnotationProcessor:171 - AndroidManifest.xml found: AndroidManifest [applicationPackage=com.nng.bs15, componentQualifiedNames=[com.nng.bs15.MainActivity_], permissionQualifiedNames=[], applicationClassName=null, libraryProject=false, debugabble=false, minSdkVersion=14, maxSdkVersion=-1, targetSdkVersion=21]
23:43:57.653 [Worker-3] INFO  o.a.r.ProjectRClassFinder:50 - Found project R class: com.nng.bs15.R
23:43:57.660 [Worker-3] INFO  o.a.r.AndroidRClassFinder:44 - Found Android class: android.R
23:43:57.813 [Worker-3] INFO  o.a.p.ModelValidator:42 - Validating elements
23:43:57.814 [Worker-3] DEBUG o.a.p.ModelValidator:62 - Validating with EActivityHandler: [com.nng.bs15.MainActivity]
23:43:57.814 [Worker-3] DEBUG o.a.p.ModelValidator:62 - Validating with EFragmentHandler: [com.nng.bs15.RegisterDatasFragment]
23:43:57.815 [Worker-3] DEBUG o.a.p.ModelValidator:62 - Validating with OptionsMenuHandler: [com.nng.bs15.MainActivity]
23:43:57.816 [Worker-3] INFO  o.a.p.ModelProcessor:69 - Processing root elements
23:43:57.817 [Worker-3] DEBUG o.a.p.ModelProcessor:160 - Processing root elements EActivityHandler: [com.nng.bs15.MainActivity]
23:43:57.821 [Worker-3] DEBUG o.a.p.ModelProcessor:160 - Processing root elements EFragmentHandler: [com.nng.bs15.RegisterDatasFragment]
23:43:57.822 [Worker-3] INFO  o.a.p.ModelProcessor:77 - Processing enclosed elements
23:43:57.822 [Worker-3] DEBUG o.a.p.ModelProcessor:89 - Processing enclosed elements with OptionsMenuHandler: [org.androidannotations.model.AnnotationElements$AnnotatedAndRootElements@4a4d1cf8]
23:43:57.823 [Worker-3] INFO  o.a.AndroidAnnotationProcessor:250 - Number of files generated by AndroidAnnotations: 2
23:43:57.824 [Worker-3] INFO  o.a.g.ApiCodeGenerator:52 - Writting following API classes in project: []
23:43:57.825 [Worker-3] DEBUG o.a.g.SourceCodewriter:55 - Generating class: com.nng.bs15.MainActivity_
23:43:57.828 [Worker-3] DEBUG o.a.g.SourceCodewriter:55 - Generating class: com.nng.bs15.RegisterDatasFragment_
23:43:57.832 [Worker-3] INFO  o.a.p.TimeStats:81 - Time measurements: [Whole Processing = 440 ms], [Extract Annotations = 240 ms], [Find R Classes = 160 ms], [Extract Manifest = 19 ms], [Generate Sources = 9 ms], [Process Annotations = 7 ms], [Validate Annotations = 3 ms], 
23:43:57.832 [Worker-3] INFO  o.a.AndroidAnnotationProcessor:122 - Finish processing
23:45:52.189 [Worker-0] INFO  o.a.AndroidAnnotationProcessor:84 - Initialize AndroidAnnotations 3.1 with options {phase=BUILD}
23:45:52.739 [Worker-0] INFO  o.a.AndroidAnnotationProcessor:108 - Start processing for 3 annotations on 4 elements
23:45:52.814 [Worker-0] DEBUG o.a.h.AndroidManifestFinder:137 - AndroidManifest.xml file found in parent folder /Users/kisstajmi/Documents/workspace/BS15: /Users/kisstajmi/Documents/workspace/BS15/AndroidManifest.xml
23:45:52.854 [Worker-0] INFO  o.a.AndroidAnnotationProcessor:171 - AndroidManifest.xml found: AndroidManifest [applicationPackage=com.nng.bs15, componentQualifiedNames=[com.nng.bs15.MainActivity_], permissionQualifiedNames=[], applicationClassName=null, libraryProject=false, debugabble=false, minSdkVersion=14, maxSdkVersion=-1, targetSdkVersion=21]
23:45:52.868 [Worker-0] INFO  o.a.r.ProjectRClassFinder:50 - Found project R class: com.nng.bs15.R
23:45:52.903 [Worker-0] INFO  o.a.r.AndroidRClassFinder:44 - Found Android class: android.R
23:45:52.913 [Worker-0] INFO  o.a.p.ModelValidator:42 - Validating elements
23:45:52.913 [Worker-0] DEBUG o.a.p.ModelValidator:62 - Validating with EActivityHandler: [com.nng.bs15.MainActivity]
23:45:52.920 [Worker-0] DEBUG o.a.p.ModelValidator:62 - Validating with EFragmentHandler: [com.nng.bs15.RegisterDatasFragment]
23:45:52.921 [Worker-0] DEBUG o.a.p.ModelValidator:62 - Validating with OptionsMenuHandler: [com.nng.bs15.MainActivity]
23:45:52.962 [Worker-0] INFO  o.a.p.ModelProcessor:69 - Processing root elements
23:45:52.962 [Worker-0] DEBUG o.a.p.ModelProcessor:160 - Processing root elements EActivityHandler: [com.nng.bs15.MainActivity]
23:45:52.966 [Worker-0] DEBUG o.a.p.ModelProcessor:160 - Processing root elements EFragmentHandler: [com.nng.bs15.RegisterDatasFragment]
23:45:52.967 [Worker-0] INFO  o.a.p.ModelProcessor:77 - Processing enclosed elements
23:45:52.968 [Worker-0] DEBUG o.a.p.ModelProcessor:89 - Processing enclosed elements with OptionsMenuHandler: [org.androidannotations.model.AnnotationElements$AnnotatedAndRootElements@574dacdf]
23:45:52.969 [Worker-0] INFO  o.a.AndroidAnnotationProcessor:250 - Number of files generated by AndroidAnnotations: 2
23:45:52.969 [Worker-0] INFO  o.a.g.ApiCodeGenerator:52 - Writting following API classes in project: []
23:45:52.969 [Worker-0] DEBUG o.a.g.SourceCodewriter:55 - Generating class: com.nng.bs15.MainActivity_
23:45:52.972 [Worker-0] DEBUG o.a.g.SourceCodewriter:55 - Generating class: com.nng.bs15.RegisterDatasFragment_
23:45:52.974 [Worker-0] INFO  o.a.p.TimeStats:81 - Time measurements: [Whole Processing = 235 ms], [Extract Annotations = 75 ms], [Validate Annotations = 49 ms], [Find R Classes = 45 ms], [Extract Manifest = 40 ms], [Process Annotations = 7 ms], [Generate Sources = 5 ms], 
23:45:52.974 [Worker-0] INFO  o.a.AndroidAnnotationProcessor:122 - Finish processing
23:49:51.481 [Worker-11] INFO  o.a.AndroidAnnotationProcessor:84 - Initialize AndroidAnnotations 3.1 with options {phase=BUILD}
23:49:51.708 [Worker-11] INFO  o.a.AndroidAnnotationProcessor:108 - Start processing for 3 annotations on 4 elements
23:49:51.787 [Worker-11] DEBUG o.a.h.AndroidManifestFinder:137 - AndroidManifest.xml file found in parent folder /Users/kisstajmi/Documents/workspace/BS15: /Users/kisstajmi/Documents/workspace/BS15/AndroidManifest.xml
23:49:51.800 [Worker-11] INFO  o.a.AndroidAnnotationProcessor:171 - AndroidManifest.xml found: AndroidManifest [applicationPackage=com.nng.bs15, componentQualifiedNames=[com.nng.bs15.MainActivity_], permissionQualifiedNames=[], applicationClassName=null, libraryProject=false, debugabble=false, minSdkVersion=14, maxSdkVersion=-1, targetSdkVersion=21]
23:49:51.814 [Worker-11] INFO  o.a.r.ProjectRClassFinder:50 - Found project R class: com.nng.bs15.R
23:49:51.816 [Worker-11] INFO  o.a.r.AndroidRClassFinder:44 - Found Android class: android.R
23:49:51.857 [Worker-11] INFO  o.a.p.ModelValidator:42 - Validating elements
23:49:51.857 [Worker-11] DEBUG o.a.p.ModelValidator:62 - Validating with EActivityHandler: [com.nng.bs15.MainActivity]
23:49:51.858 [Worker-11] DEBUG o.a.p.ModelValidator:62 - Validating with EFragmentHandler: [com.nng.bs15.RegisterDatasFragment]
23:49:51.859 [Worker-11] DEBUG o.a.p.ModelValidator:62 - Validating with OptionsMenuHandler: [com.nng.bs15.MainActivity]
23:49:51.860 [Worker-11] INFO  o.a.p.ModelProcessor:69 - Processing root elements
23:49:51.860 [Worker-11] DEBUG o.a.p.ModelProcessor:160 - Processing root elements EActivityHandler: [com.nng.bs15.MainActivity]
23:49:51.862 [Worker-11] DEBUG o.a.p.ModelProcessor:160 - Processing root elements EFragmentHandler: [com.nng.bs15.RegisterDatasFragment]
23:49:51.863 [Worker-11] INFO  o.a.p.ModelProcessor:77 - Processing enclosed elements
23:49:51.863 [Worker-11] DEBUG o.a.p.ModelProcessor:89 - Processing enclosed elements with OptionsMenuHandler: [org.androidannotations.model.AnnotationElements$AnnotatedAndRootElements@27ca039b]
23:49:51.864 [Worker-11] INFO  o.a.AndroidAnnotationProcessor:250 - Number of files generated by AndroidAnnotations: 2
23:49:51.864 [Worker-11] INFO  o.a.g.ApiCodeGenerator:52 - Writting following API classes in project: []
23:49:51.864 [Worker-11] DEBUG o.a.g.SourceCodewriter:55 - Generating class: com.nng.bs15.MainActivity_
23:49:51.867 [Worker-11] DEBUG o.a.g.SourceCodewriter:55 - Generating class: com.nng.bs15.RegisterDatasFragment_
23:49:51.869 [Worker-11] INFO  o.a.p.TimeStats:81 - Time measurements: [Whole Processing = 161 ms], [Extract Annotations = 79 ms], [Find R Classes = 42 ms], [Extract Manifest = 13 ms], [Process Annotations = 5 ms], [Generate Sources = 5 ms], [Validate Annotations = 3 ms], 
23:49:51.869 [Worker-11] INFO  o.a.AndroidAnnotationProcessor:122 - Finish processing
23:50:23.908 [Worker-12] INFO  o.a.AndroidAnnotationProcessor:84 - Initialize AndroidAnnotations 3.1 with options {phase=BUILD}
23:50:24.110 [Worker-12] INFO  o.a.AndroidAnnotationProcessor:108 - Start processing for 3 annotations on 4 elements
23:50:24.134 [Worker-12] DEBUG o.a.h.AndroidManifestFinder:137 - AndroidManifest.xml file found in parent folder /Users/kisstajmi/Documents/workspace/BS15: /Users/kisstajmi/Documents/workspace/BS15/AndroidManifest.xml
23:50:24.136 [Worker-12] INFO  o.a.AndroidAnnotationProcessor:171 - AndroidManifest.xml found: AndroidManifest [applicationPackage=com.nng.bs15, componentQualifiedNames=[com.nng.bs15.MainActivity_], permissionQualifiedNames=[], applicationClassName=null, libraryProject=false, debugabble=false, minSdkVersion=14, maxSdkVersion=-1, targetSdkVersion=21]
23:50:24.137 [Worker-12] INFO  o.a.r.ProjectRClassFinder:50 - Found project R class: com.nng.bs15.R
23:50:24.156 [Worker-12] INFO  o.a.r.AndroidRClassFinder:44 - Found Android class: android.R
23:50:24.187 [Worker-12] INFO  o.a.p.ModelValidator:42 - Validating elements
23:50:24.187 [Worker-12] DEBUG o.a.p.ModelValidator:62 - Validating with EActivityHandler: [com.nng.bs15.MainActivity]
23:50:24.188 [Worker-12] DEBUG o.a.p.ModelValidator:62 - Validating with EFragmentHandler: [com.nng.bs15.RegisterDatasFragment]
23:50:24.188 [Worker-12] DEBUG o.a.p.ModelValidator:62 - Validating with OptionsMenuHandler: [com.nng.bs15.MainActivity]
23:50:24.188 [Worker-12] INFO  o.a.p.ModelProcessor:69 - Processing root elements
23:50:24.189 [Worker-12] DEBUG o.a.p.ModelProcessor:160 - Processing root elements EActivityHandler: [com.nng.bs15.MainActivity]
23:50:24.191 [Worker-12] DEBUG o.a.p.ModelProcessor:160 - Processing root elements EFragmentHandler: [com.nng.bs15.RegisterDatasFragment]
23:50:24.192 [Worker-12] INFO  o.a.p.ModelProcessor:77 - Processing enclosed elements
23:50:24.193 [Worker-12] DEBUG o.a.p.ModelProcessor:89 - Processing enclosed elements with OptionsMenuHandler: [org.androidannotations.model.AnnotationElements$AnnotatedAndRootElements@628be3a4]
23:50:24.193 [Worker-12] INFO  o.a.AndroidAnnotationProcessor:250 - Number of files generated by AndroidAnnotations: 2
23:50:24.194 [Worker-12] INFO  o.a.g.ApiCodeGenerator:52 - Writting following API classes in project: []
23:50:24.194 [Worker-12] DEBUG o.a.g.SourceCodewriter:55 - Generating class: com.nng.bs15.MainActivity_
23:50:24.197 [Worker-12] DEBUG o.a.g.SourceCodewriter:55 - Generating class: com.nng.bs15.RegisterDatasFragment_
23:50:24.199 [Worker-12] INFO  o.a.p.TimeStats:81 - Time measurements: [Whole Processing = 89 ms], [Find R Classes = 51 ms], [Extract Annotations = 23 ms], [Generate Sources = 6 ms], [Process Annotations = 5 ms], [Extract Manifest = 2 ms], [Validate Annotations = 1 ms], 
23:50:24.200 [Worker-12] INFO  o.a.AndroidAnnotationProcessor:122 - Finish processing
00:06:09.510 [Worker-10] INFO  o.a.AndroidAnnotationProcessor:84 - Initialize AndroidAnnotations 3.1 with options {phase=BUILD}
00:06:11.22 [Worker-10] INFO  o.a.AndroidAnnotationProcessor:108 - Start processing for 3 annotations on 4 elements
00:06:11.844 [Worker-10] DEBUG o.a.h.AndroidManifestFinder:137 - AndroidManifest.xml file found in parent folder /Users/kisstajmi/Documents/workspace/BS15: /Users/kisstajmi/Documents/workspace/BS15/AndroidManifest.xml
00:06:11.894 [Worker-10] INFO  o.a.AndroidAnnotationProcessor:171 - AndroidManifest.xml found: AndroidManifest [applicationPackage=com.nng.bs15, componentQualifiedNames=[com.nng.bs15.MainActivity_], permissionQualifiedNames=[], applicationClassName=null, libraryProject=false, debugabble=false, minSdkVersion=14, maxSdkVersion=-1, targetSdkVersion=21]
00:06:11.941 [Worker-10] INFO  o.a.r.ProjectRClassFinder:50 - Found project R class: com.nng.bs15.R
00:06:11.980 [Worker-10] INFO  o.a.r.AndroidRClassFinder:44 - Found Android class: android.R
00:06:12.238 [Worker-10] INFO  o.a.p.ModelValidator:42 - Validating elements
00:06:12.239 [Worker-10] DEBUG o.a.p.ModelValidator:62 - Validating with EActivityHandler: [com.nng.bs15.MainActivity]
00:06:12.240 [Worker-10] DEBUG o.a.p.ModelValidator:62 - Validating with EFragmentHandler: [com.nng.bs15.RegisterDatasFragment]
00:06:12.241 [Worker-10] DEBUG o.a.p.ModelValidator:62 - Validating with OptionsMenuHandler: [com.nng.bs15.MainActivity]
00:06:12.242 [Worker-10] INFO  o.a.p.ModelProcessor:69 - Processing root elements
00:06:12.243 [Worker-10] DEBUG o.a.p.ModelProcessor:160 - Processing root elements EActivityHandler: [com.nng.bs15.MainActivity]
00:06:12.248 [Worker-10] DEBUG o.a.p.ModelProcessor:160 - Processing root elements EFragmentHandler: [com.nng.bs15.RegisterDatasFragment]
00:06:12.249 [Worker-10] INFO  o.a.p.ModelProcessor:77 - Processing enclosed elements
00:06:12.272 [Worker-10] DEBUG o.a.p.ModelProcessor:89 - Processing enclosed elements with OptionsMenuHandler: [org.androidannotations.model.AnnotationElements$AnnotatedAndRootElements@3b8a5290]
00:06:12.280 [Worker-10] INFO  o.a.AndroidAnnotationProcessor:250 - Number of files generated by AndroidAnnotations: 2
00:06:12.280 [Worker-10] INFO  o.a.g.ApiCodeGenerator:52 - Writting following API classes in project: []
00:06:12.289 [Worker-10] DEBUG o.a.g.SourceCodewriter:55 - Generating class: com.nng.bs15.MainActivity_
00:06:12.295 [Worker-10] DEBUG o.a.g.SourceCodewriter:55 - Generating class: com.nng.bs15.RegisterDatasFragment_
00:06:12.297 [Worker-10] INFO  o.a.p.TimeStats:81 - Time measurements: [Whole Processing = 1275 ms], [Extract Annotations = 821 ms], [Find R Classes = 297 ms], [Extract Manifest = 50 ms], [Process Annotations = 38 ms], [Generate Sources = 17 ms], [Validate Annotations = 4 ms], 
00:06:12.302 [Worker-10] INFO  o.a.AndroidAnnotationProcessor:122 - Finish processing
00:11:23.290 [Worker-12] INFO  o.a.AndroidAnnotationProcessor:84 - Initialize AndroidAnnotations 3.1 with options {phase=BUILD}
00:11:23.315 [Worker-12] INFO  o.a.AndroidAnnotationProcessor:108 - Start processing for 2 annotations on 1 elements
00:11:23.326 [Worker-12] DEBUG o.a.h.AndroidManifestFinder:137 - AndroidManifest.xml file found in parent folder /Users/kisstajmi/Documents/workspace/BS15: /Users/kisstajmi/Documents/workspace/BS15/AndroidManifest.xml
00:11:23.339 [Worker-12] INFO  o.a.AndroidAnnotationProcessor:171 - AndroidManifest.xml found: AndroidManifest [applicationPackage=com.nng.bs15, componentQualifiedNames=[com.nng.bs15.MainActivity_], permissionQualifiedNames=[], applicationClassName=null, libraryProject=false, debugabble=false, minSdkVersion=14, maxSdkVersion=-1, targetSdkVersion=21]
00:11:23.352 [Worker-12] INFO  o.a.r.ProjectRClassFinder:50 - Found project R class: com.nng.bs15.R
00:11:23.355 [Worker-12] INFO  o.a.r.AndroidRClassFinder:44 - Found Android class: android.R
00:11:23.399 [Worker-12] INFO  o.a.p.ModelValidator:42 - Validating elements
00:11:23.400 [Worker-12] DEBUG o.a.p.ModelValidator:62 - Validating with EFragmentHandler: [com.nng.bs15.RegisterDatasFragment]
00:11:23.401 [Worker-12] DEBUG o.a.p.ModelValidator:62 - Validating with ViewByIdHandler: [save, reg_text, reg_keyboard]
00:11:23.417 [Worker-12] INFO  o.a.p.ModelProcessor:69 - Processing root elements
00:11:23.418 [Worker-12] DEBUG o.a.p.ModelProcessor:160 - Processing root elements EFragmentHandler: [com.nng.bs15.RegisterDatasFragment]
00:11:23.419 [Worker-12] INFO  o.a.p.ModelProcessor:77 - Processing enclosed elements
00:11:23.424 [Worker-12] INFO  o.a.AndroidAnnotationProcessor:250 - Number of files generated by AndroidAnnotations: 1
00:11:23.424 [Worker-12] INFO  o.a.g.ApiCodeGenerator:52 - Writting following API classes in project: []
00:11:23.425 [Worker-12] DEBUG o.a.g.SourceCodewriter:55 - Generating class: com.nng.bs15.RegisterDatasFragment_
00:11:23.481 [Worker-12] INFO  o.a.p.TimeStats:81 - Time measurements: [Whole Processing = 166 ms], [Generate Sources = 57 ms], [Find R Classes = 47 ms], [Validate Annotations = 18 ms], [Extract Manifest = 13 ms], [Extract Annotations = 11 ms], [Process Annotations = 7 ms], 
00:11:23.482 [Worker-12] INFO  o.a.AndroidAnnotationProcessor:122 - Finish processing
00:11:51.550 [Worker-12] INFO  o.a.AndroidAnnotationProcessor:84 - Initialize AndroidAnnotations 3.1 with options {phase=BUILD}
00:11:51.551 [Worker-12] INFO  o.a.AndroidAnnotationProcessor:108 - Start processing for 2 annotations on 1 elements
00:11:51.556 [Worker-12] DEBUG o.a.h.AndroidManifestFinder:137 - AndroidManifest.xml file found in parent folder /Users/kisstajmi/Documents/workspace/BS15: /Users/kisstajmi/Documents/workspace/BS15/AndroidManifest.xml
00:11:51.557 [Worker-12] INFO  o.a.AndroidAnnotationProcessor:171 - AndroidManifest.xml found: AndroidManifest [applicationPackage=com.nng.bs15, componentQualifiedNames=[com.nng.bs15.MainActivity_], permissionQualifiedNames=[], applicationClassName=null, libraryProject=false, debugabble=false, minSdkVersion=14, maxSdkVersion=-1, targetSdkVersion=21]
00:11:51.558 [Worker-12] INFO  o.a.r.ProjectRClassFinder:50 - Found project R class: com.nng.bs15.R
00:11:51.559 [Worker-12] INFO  o.a.r.AndroidRClassFinder:44 - Found Android class: android.R
00:11:51.563 [Worker-12] INFO  o.a.p.ModelValidator:42 - Validating elements
00:11:51.563 [Worker-12] DEBUG o.a.p.ModelValidator:62 - Validating with EFragmentHandler: [com.nng.bs15.SelectActionFragment]
00:11:51.564 [Worker-12] DEBUG o.a.p.ModelValidator:62 - Validating with ViewByIdHandler: [save, reg_text, reg_keyboard]
00:11:51.567 [Worker-12] INFO  o.a.p.ModelProcessor:69 - Processing root elements
00:11:51.567 [Worker-12] DEBUG o.a.p.ModelProcessor:160 - Processing root elements EFragmentHandler: [com.nng.bs15.SelectActionFragment]
00:11:51.568 [Worker-12] INFO  o.a.p.ModelProcessor:77 - Processing enclosed elements
00:11:51.569 [Worker-12] INFO  o.a.AndroidAnnotationProcessor:250 - Number of files generated by AndroidAnnotations: 1
00:11:51.569 [Worker-12] INFO  o.a.g.ApiCodeGenerator:52 - Writting following API classes in project: []
00:11:51.569 [Worker-12] DEBUG o.a.g.SourceCodewriter:55 - Generating class: com.nng.bs15.SelectActionFragment_
00:11:51.571 [Worker-12] INFO  o.a.p.TimeStats:81 - Time measurements: [Whole Processing = 20 ms], [Find R Classes = 6 ms], [Extract Annotations = 5 ms], [Validate Annotations = 4 ms], [Process Annotations = 2 ms], [Generate Sources = 2 ms], [Extract Manifest = 1 ms], 
00:11:51.572 [Worker-12] INFO  o.a.AndroidAnnotationProcessor:122 - Finish processing
00:12:41.667 [Worker-14] INFO  o.a.AndroidAnnotationProcessor:84 - Initialize AndroidAnnotations 3.1 with options {phase=BUILD}
00:12:41.712 [Worker-14] INFO  o.a.AndroidAnnotationProcessor:108 - Start processing for 2 annotations on 1 elements
00:12:41.717 [Worker-14] DEBUG o.a.h.AndroidManifestFinder:137 - AndroidManifest.xml file found in parent folder /Users/kisstajmi/Documents/workspace/BS15: /Users/kisstajmi/Documents/workspace/BS15/AndroidManifest.xml
00:12:41.718 [Worker-14] INFO  o.a.AndroidAnnotationProcessor:171 - AndroidManifest.xml found: AndroidManifest [applicationPackage=com.nng.bs15, componentQualifiedNames=[com.nng.bs15.MainActivity_], permissionQualifiedNames=[], applicationClassName=null, libraryProject=false, debugabble=false, minSdkVersion=14, maxSdkVersion=-1, targetSdkVersion=21]
00:12:41.719 [Worker-14] INFO  o.a.r.ProjectRClassFinder:50 - Found project R class: com.nng.bs15.R
00:12:41.720 [Worker-14] INFO  o.a.r.AndroidRClassFinder:44 - Found Android class: android.R
00:12:41.726 [Worker-14] INFO  o.a.p.ModelValidator:42 - Validating elements
00:12:41.727 [Worker-14] DEBUG o.a.p.ModelValidator:62 - Validating with EFragmentHandler: [com.nng.bs15.SelectActionFragment]
00:12:41.738 [Worker-14] DEBUG o.a.p.ModelValidator:62 - Validating with ViewByIdHandler: [sel_add_new_learning_data, sel_add_new_test_data]
00:12:41.741 [Worker-14] INFO  o.a.p.ModelProcessor:69 - Processing root elements
00:12:41.761 [Worker-14] DEBUG o.a.p.ModelProcessor:160 - Processing root elements EFragmentHandler: [com.nng.bs15.SelectActionFragment]
00:12:41.761 [Worker-14] INFO  o.a.p.ModelProcessor:77 - Processing enclosed elements
00:12:41.763 [Worker-14] INFO  o.a.AndroidAnnotationProcessor:250 - Number of files generated by AndroidAnnotations: 1
00:12:41.763 [Worker-14] INFO  o.a.g.ApiCodeGenerator:52 - Writting following API classes in project: []
00:12:41.763 [Worker-14] DEBUG o.a.g.SourceCodewriter:55 - Generating class: com.nng.bs15.SelectActionFragment_
00:12:41.797 [Worker-14] INFO  o.a.p.TimeStats:81 - Time measurements: [Whole Processing = 85 ms], [Generate Sources = 34 ms], [Process Annotations = 22 ms], [Validate Annotations = 15 ms], [Find R Classes = 7 ms], [Extract Annotations = 4 ms], [Extract Manifest = 1 ms], 
00:12:41.798 [Worker-14] INFO  o.a.AndroidAnnotationProcessor:122 - Finish processing
00:21:58.199 [Worker-13] INFO  o.a.AndroidAnnotationProcessor:84 - Initialize AndroidAnnotations 3.1 with options {phase=BUILD}
00:21:58.215 [Worker-13] INFO  o.a.AndroidAnnotationProcessor:108 - Start processing for 3 annotations on 1 elements
00:21:58.262 [Worker-13] DEBUG o.a.h.AndroidManifestFinder:137 - AndroidManifest.xml file found in parent folder /Users/kisstajmi/Documents/workspace/BS15: /Users/kisstajmi/Documents/workspace/BS15/AndroidManifest.xml
00:21:58.282 [Worker-13] INFO  o.a.AndroidAnnotationProcessor:171 - AndroidManifest.xml found: AndroidManifest [applicationPackage=com.nng.bs15, componentQualifiedNames=[com.nng.bs15.MainActivity_], permissionQualifiedNames=[], applicationClassName=null, libraryProject=false, debugabble=false, minSdkVersion=14, maxSdkVersion=-1, targetSdkVersion=21]
00:21:58.283 [Worker-13] INFO  o.a.r.ProjectRClassFinder:50 - Found project R class: com.nng.bs15.R
00:21:58.300 [Worker-13] INFO  o.a.r.AndroidRClassFinder:44 - Found Android class: android.R
00:21:58.308 [Worker-13] INFO  o.a.p.ModelValidator:42 - Validating elements
00:21:58.308 [Worker-13] DEBUG o.a.p.ModelValidator:62 - Validating with EFragmentHandler: [com.nng.bs15.SelectActionFragment]
00:21:58.309 [Worker-13] DEBUG o.a.p.ModelValidator:62 - Validating with ViewByIdHandler: [sel_add_new_learning_data, sel_add_new_test_data]
00:21:58.335 [Worker-13] DEBUG o.a.p.ModelValidator:62 - Validating with ClickHandler: [private void Select(android.view.View) ]
00:21:58.337 [Worker-13] ERROR o.a.h.AnnotationHelper:127 - @org.androidannotations.annotations.Click cannot be used on a private element
00:21:58.338 [Worker-13] WARN  o.a.p.ModelValidator:69 - Element ClickHandler unvalidated by 
00:21:58.339 [Worker-13] INFO  o.a.p.ModelProcessor:69 - Processing root elements
00:21:58.339 [Worker-13] DEBUG o.a.p.ModelProcessor:160 - Processing root elements EFragmentHandler: [com.nng.bs15.SelectActionFragment]
00:21:58.340 [Worker-13] INFO  o.a.p.ModelProcessor:77 - Processing enclosed elements
00:21:58.341 [Worker-13] INFO  o.a.AndroidAnnotationProcessor:250 - Number of files generated by AndroidAnnotations: 1
00:21:58.341 [Worker-13] INFO  o.a.g.ApiCodeGenerator:52 - Writting following API classes in project: []
00:21:58.341 [Worker-13] DEBUG o.a.g.SourceCodewriter:55 - Generating class: com.nng.bs15.SelectActionFragment_
00:21:58.358 [Worker-13] INFO  o.a.p.TimeStats:81 - Time measurements: [Whole Processing = 143 ms], [Extract Annotations = 47 ms], [Validate Annotations = 31 ms], [Find R Classes = 25 ms], [Extract Manifest = 20 ms], [Generate Sources = 17 ms], [Process Annotations = 2 ms], 
00:21:58.359 [Worker-13] INFO  o.a.AndroidAnnotationProcessor:122 - Finish processing
00:25:21.541 [Worker-13] INFO  o.a.AndroidAnnotationProcessor:84 - Initialize AndroidAnnotations 3.1 with options {phase=BUILD}
00:25:21.542 [Worker-13] INFO  o.a.AndroidAnnotationProcessor:108 - Start processing for 3 annotations on 2 elements
00:25:21.596 [Worker-13] DEBUG o.a.h.AndroidManifestFinder:137 - AndroidManifest.xml file found in parent folder /Users/kisstajmi/Documents/workspace/BS15: /Users/kisstajmi/Documents/workspace/BS15/AndroidManifest.xml
00:25:21.615 [Worker-13] INFO  o.a.AndroidAnnotationProcessor:171 - AndroidManifest.xml found: AndroidManifest [applicationPackage=com.nng.bs15, componentQualifiedNames=[com.nng.bs15.MainActivity_], permissionQualifiedNames=[], applicationClassName=null, libraryProject=false, debugabble=false, minSdkVersion=14, maxSdkVersion=-1, targetSdkVersion=21]
00:25:21.615 [Worker-13] INFO  o.a.r.ProjectRClassFinder:50 - Found project R class: com.nng.bs15.R
00:25:21.616 [Worker-13] INFO  o.a.r.AndroidRClassFinder:44 - Found Android class: android.R
00:25:21.638 [Worker-13] INFO  o.a.p.ModelValidator:42 - Validating elements
00:25:21.639 [Worker-13] DEBUG o.a.p.ModelValidator:62 - Validating with EFragmentHandler: [com.nng.bs15.SelectActionFragment]
00:25:21.639 [Worker-13] DEBUG o.a.p.ModelValidator:62 - Validating with ViewByIdHandler: [sel_add_new_learning_data, sel_add_new_test_data]
00:25:21.642 [Worker-13] DEBUG o.a.p.ModelValidator:62 - Validating with ClickHandler: [public void onClick(android.view.View) ]
00:25:21.644 [Worker-13] INFO  o.a.p.ModelProcessor:69 - Processing root elements
00:25:21.645 [Worker-13] DEBUG o.a.p.ModelProcessor:160 - Processing root elements EFragmentHandler: [com.nng.bs15.SelectActionFragment]
00:25:21.645 [Worker-13] INFO  o.a.p.ModelProcessor:77 - Processing enclosed elements
00:25:21.647 [Worker-13] INFO  o.a.AndroidAnnotationProcessor:250 - Number of files generated by AndroidAnnotations: 1
00:25:21.647 [Worker-13] INFO  o.a.g.ApiCodeGenerator:52 - Writting following API classes in project: []
00:25:21.647 [Worker-13] DEBUG o.a.g.SourceCodewriter:55 - Generating class: com.nng.bs15.SelectActionFragment_
00:25:21.755 [Worker-13] INFO  o.a.p.TimeStats:81 - Time measurements: [Whole Processing = 213 ms], [Generate Sources = 108 ms], [Extract Annotations = 52 ms], [Find R Classes = 23 ms], [Extract Manifest = 20 ms], [Validate Annotations = 6 ms], [Process Annotations = 3 ms], 
00:25:21.756 [Worker-13] INFO  o.a.AndroidAnnotationProcessor:122 - Finish processing
00:29:53.698 [Worker-12] INFO  o.a.AndroidAnnotationProcessor:84 - Initialize AndroidAnnotations 3.1 with options {phase=BUILD}
00:34:18.702 [Worker-1] INFO  o.a.AndroidAnnotationProcessor:84 - Initialize AndroidAnnotations 3.1 with options {phase=BUILD}
00:34:18.913 [Worker-1] INFO  o.a.AndroidAnnotationProcessor:108 - Start processing for 5 annotations on 6 elements
00:34:18.938 [Worker-1] DEBUG o.a.h.AndroidManifestFinder:137 - AndroidManifest.xml file found in parent folder /Users/kisstajmi/Documents/workspace/BS15: /Users/kisstajmi/Documents/workspace/BS15/AndroidManifest.xml
00:34:18.951 [Worker-1] INFO  o.a.AndroidAnnotationProcessor:171 - AndroidManifest.xml found: AndroidManifest [applicationPackage=com.nng.bs15, componentQualifiedNames=[com.nng.bs15.MainActivity_], permissionQualifiedNames=[], applicationClassName=null, libraryProject=false, debugabble=false, minSdkVersion=14, maxSdkVersion=-1, targetSdkVersion=21]
00:34:18.952 [Worker-1] INFO  o.a.r.ProjectRClassFinder:50 - Found project R class: com.nng.bs15.R
00:34:18.959 [Worker-1] INFO  o.a.r.AndroidRClassFinder:44 - Found Android class: android.R
00:34:19.35 [Worker-1] INFO  o.a.p.ModelValidator:42 - Validating elements
00:34:19.35 [Worker-1] DEBUG o.a.p.ModelValidator:62 - Validating with EActivityHandler: [com.nng.bs15.MainActivity]
00:34:19.36 [Worker-1] DEBUG o.a.p.ModelValidator:62 - Validating with EFragmentHandler: [com.nng.bs15.SelectActionFragment, com.nng.bs15.RegisterDatasFragment]
00:34:19.36 [Worker-1] DEBUG o.a.p.ModelValidator:62 - Validating with ViewByIdHandler: [reg_keyboard, save, sel_add_new_test_data, sel_add_new_learning_data, reg_text]
00:34:19.41 [Worker-1] DEBUG o.a.p.ModelValidator:62 - Validating with ClickHandler: [public void onClick(android.view.View) ]
00:34:19.42 [Worker-1] DEBUG o.a.p.ModelValidator:62 - Validating with OptionsMenuHandler: [com.nng.bs15.MainActivity]
00:34:19.42 [Worker-1] INFO  o.a.p.ModelProcessor:69 - Processing root elements
00:34:19.43 [Worker-1] DEBUG o.a.p.ModelProcessor:160 - Processing root elements EActivityHandler: [com.nng.bs15.MainActivity]
00:34:19.45 [Worker-1] DEBUG o.a.p.ModelProcessor:160 - Processing root elements EFragmentHandler: [com.nng.bs15.SelectActionFragment, com.nng.bs15.RegisterDatasFragment]
00:34:19.46 [Worker-1] INFO  o.a.p.ModelProcessor:77 - Processing enclosed elements
00:34:19.47 [Worker-1] DEBUG o.a.p.ModelProcessor:89 - Processing enclosed elements with ViewByIdHandler: [org.androidannotations.model.AnnotationElements$AnnotatedAndRootElements@7e781d7d, org.androidannotations.model.AnnotationElements$AnnotatedAndRootElements@53022f8, org.androidannotations.model.AnnotationElements$AnnotatedAndRootElements@6d9bade3, org.androidannotations.model.AnnotationElements$AnnotatedAndRootElements@2d422cd9, org.androidannotations.model.AnnotationElements$AnnotatedAndRootElements@3c208d7c]
00:34:19.48 [Worker-1] DEBUG o.a.p.ModelProcessor:89 - Processing enclosed elements with ClickHandler: [org.androidannotations.model.AnnotationElements$AnnotatedAndRootElements@4f00fa92]
00:34:19.49 [Worker-1] DEBUG o.a.p.ModelProcessor:89 - Processing enclosed elements with OptionsMenuHandler: [org.androidannotations.model.AnnotationElements$AnnotatedAndRootElements@39669763]
00:34:19.50 [Worker-1] INFO  o.a.AndroidAnnotationProcessor:250 - Number of files generated by AndroidAnnotations: 3
00:34:19.50 [Worker-1] INFO  o.a.g.ApiCodeGenerator:52 - Writting following API classes in project: []
00:34:19.51 [Worker-1] DEBUG o.a.g.SourceCodewriter:55 - Generating class: com.nng.bs15.MainActivity_
00:34:19.53 [Worker-1] DEBUG o.a.g.SourceCodewriter:55 - Generating class: com.nng.bs15.RegisterDatasFragment_
00:34:19.192 [Worker-1] DEBUG o.a.g.SourceCodewriter:55 - Generating class: com.nng.bs15.SelectActionFragment_
00:34:19.230 [Worker-1] INFO  o.a.p.TimeStats:81 - Time measurements: [Whole Processing = 317 ms], [Generate Sources = 180 ms], [Find R Classes = 82 ms], [Extract Annotations = 25 ms], [Extract Manifest = 13 ms], [Validate Annotations = 8 ms], [Process Annotations = 8 ms], 
00:34:19.231 [Worker-1] INFO  o.a.AndroidAnnotationProcessor:122 - Finish processing
00:34:36.975 [Worker-11] INFO  o.a.AndroidAnnotationProcessor:84 - Initialize AndroidAnnotations 3.1 with options {phase=BUILD}
00:34:36.976 [Worker-11] INFO  o.a.AndroidAnnotationProcessor:108 - Start processing for 4 annotations on 1 elements
00:34:36.982 [Worker-11] DEBUG o.a.h.AndroidManifestFinder:137 - AndroidManifest.xml file found in parent folder /Users/kisstajmi/Documents/workspace/BS15: /Users/kisstajmi/Documents/workspace/BS15/AndroidManifest.xml
00:34:36.984 [Worker-11] INFO  o.a.AndroidAnnotationProcessor:171 - AndroidManifest.xml found: AndroidManifest [applicationPackage=com.nng.bs15, componentQualifiedNames=[com.nng.bs15.MainActivity_], permissionQualifiedNames=[], applicationClassName=null, libraryProject=false, debugabble=false, minSdkVersion=14, maxSdkVersion=-1, targetSdkVersion=21]
00:34:36.984 [Worker-11] INFO  o.a.r.ProjectRClassFinder:50 - Found project R class: com.nng.bs15.R
00:34:36.986 [Worker-11] INFO  o.a.r.AndroidRClassFinder:44 - Found Android class: android.R
00:34:36.993 [Worker-11] INFO  o.a.p.ModelValidator:42 - Validating elements
00:34:36.993 [Worker-11] DEBUG o.a.p.ModelValidator:62 - Validating with EFragmentHandler: [com.nng.bs15.SelectActionFragment]
00:34:36.994 [Worker-11] DEBUG o.a.p.ModelValidator:62 - Validating with ViewByIdHandler: [sel_add_new_test_data, sel_add_new_learning_data]
00:34:36.997 [Worker-11] DEBUG o.a.p.ModelValidator:62 - Validating with ClickHandler: [public void onClick(android.view.View) ]
00:34:36.998 [Worker-11] DEBUG o.a.p.ModelValidator:62 - Validating with AppHandler: [app]
00:34:36.999 [Worker-11] ERROR o.a.h.AnnotationHelper:127 - @org.androidannotations.annotations.App can only be used on an element annotated with @org.androidannotations.annotations.EApplication
00:34:37.0 [Worker-11] WARN  o.a.p.ModelValidator:69 - Element AppHandler unvalidated by 
00:34:37.0 [Worker-11] INFO  o.a.p.ModelProcessor:69 - Processing root elements
00:34:37.1 [Worker-11] DEBUG o.a.p.ModelProcessor:160 - Processing root elements EFragmentHandler: [com.nng.bs15.SelectActionFragment]
00:34:37.2 [Worker-11] INFO  o.a.p.ModelProcessor:77 - Processing enclosed elements
00:34:37.3 [Worker-11] INFO  o.a.AndroidAnnotationProcessor:250 - Number of files generated by AndroidAnnotations: 1
00:34:37.4 [Worker-11] INFO  o.a.g.ApiCodeGenerator:52 - Writting following API classes in project: []
00:34:37.4 [Worker-11] DEBUG o.a.g.SourceCodewriter:55 - Generating class: com.nng.bs15.SelectActionFragment_
00:34:37.6 [Worker-11] INFO  o.a.p.TimeStats:81 - Time measurements: [Whole Processing = 30 ms], [Find R Classes = 9 ms], [Validate Annotations = 7 ms], [Extract Annotations = 5 ms], [Process Annotations = 3 ms], [Generate Sources = 3 ms], [Extract Manifest = 2 ms], 
00:34:37.7 [Worker-11] INFO  o.a.AndroidAnnotationProcessor:122 - Finish processing
00:34:50.299 [Worker-13] INFO  o.a.AndroidAnnotationProcessor:84 - Initialize AndroidAnnotations 3.1 with options {phase=BUILD}
00:34:50.305 [Worker-13] INFO  o.a.AndroidAnnotationProcessor:108 - Start processing for 4 annotations on 2 elements
00:34:50.311 [Worker-13] DEBUG o.a.h.AndroidManifestFinder:137 - AndroidManifest.xml file found in parent folder /Users/kisstajmi/Documents/workspace/BS15: /Users/kisstajmi/Documents/workspace/BS15/AndroidManifest.xml
00:34:50.313 [Worker-13] INFO  o.a.AndroidAnnotationProcessor:171 - AndroidManifest.xml found: AndroidManifest [applicationPackage=com.nng.bs15, componentQualifiedNames=[com.nng.bs15.MainActivity_], permissionQualifiedNames=[], applicationClassName=null, libraryProject=false, debugabble=false, minSdkVersion=14, maxSdkVersion=-1, targetSdkVersion=21]
00:34:50.313 [Worker-13] INFO  o.a.r.ProjectRClassFinder:50 - Found project R class: com.nng.bs15.R
00:34:50.314 [Worker-13] INFO  o.a.r.AndroidRClassFinder:44 - Found Android class: android.R
00:34:50.321 [Worker-13] INFO  o.a.p.ModelValidator:42 - Validating elements
00:34:50.321 [Worker-13] DEBUG o.a.p.ModelValidator:62 - Validating with EFragmentHandler: [com.nng.bs15.SelectActionFragment]
00:34:50.323 [Worker-13] DEBUG o.a.p.ModelValidator:62 - Validating with ViewByIdHandler: [sel_add_new_test_data, sel_add_new_learning_data]
00:34:50.327 [Worker-13] DEBUG o.a.p.ModelValidator:62 - Validating with ClickHandler: [public void onClick(android.view.View) ]
00:34:50.328 [Worker-13] DEBUG o.a.p.ModelValidator:62 - Validating with AppHandler: [app]
00:34:50.328 [Worker-13] ERROR o.a.h.AnnotationHelper:127 - @org.androidannotations.annotations.App can only be used on an element annotated with @org.androidannotations.annotations.EApplication
00:34:50.329 [Worker-13] WARN  o.a.p.ModelValidator:69 - Element AppHandler unvalidated by 
00:34:50.329 [Worker-13] INFO  o.a.p.ModelProcessor:69 - Processing root elements
00:34:50.329 [Worker-13] DEBUG o.a.p.ModelProcessor:160 - Processing root elements EFragmentHandler: [com.nng.bs15.SelectActionFragment]
00:34:50.330 [Worker-13] INFO  o.a.p.ModelProcessor:77 - Processing enclosed elements
00:34:50.331 [Worker-13] INFO  o.a.AndroidAnnotationProcessor:250 - Number of files generated by AndroidAnnotations: 1
00:34:50.331 [Worker-13] INFO  o.a.g.ApiCodeGenerator:52 - Writting following API classes in project: []
00:34:50.331 [Worker-13] DEBUG o.a.g.SourceCodewriter:55 - Generating class: com.nng.bs15.SelectActionFragment_
00:34:50.335 [Worker-13] INFO  o.a.p.TimeStats:81 - Time measurements: [Whole Processing = 30 ms], [Find R Classes = 8 ms], [Validate Annotations = 8 ms], [Extract Annotations = 6 ms], [Generate Sources = 4 ms], [Extract Manifest = 2 ms], [Process Annotations = 2 ms], 
00:34:50.336 [Worker-13] INFO  o.a.AndroidAnnotationProcessor:122 - Finish processing
00:35:10.146 [Worker-12] INFO  o.a.AndroidAnnotationProcessor:84 - Initialize AndroidAnnotations 3.1 with options {phase=BUILD}
00:35:10.147 [Worker-12] INFO  o.a.AndroidAnnotationProcessor:108 - Start processing for 1 annotations on 1 elements
00:35:10.184 [Worker-12] DEBUG o.a.h.AndroidManifestFinder:137 - AndroidManifest.xml file found in parent folder /Users/kisstajmi/Documents/workspace/BS15: /Users/kisstajmi/Documents/workspace/BS15/AndroidManifest.xml
00:35:10.222 [Worker-12] INFO  o.a.AndroidAnnotationProcessor:171 - AndroidManifest.xml found: AndroidManifest [applicationPackage=com.nng.bs15, componentQualifiedNames=[com.nng.bs15.MainActivity_], permissionQualifiedNames=[], applicationClassName=null, libraryProject=false, debugabble=false, minSdkVersion=14, maxSdkVersion=-1, targetSdkVersion=21]
00:35:10.223 [Worker-12] INFO  o.a.r.ProjectRClassFinder:50 - Found project R class: com.nng.bs15.R
00:35:10.224 [Worker-12] INFO  o.a.r.AndroidRClassFinder:44 - Found Android class: android.R
00:35:10.229 [Worker-12] INFO  o.a.p.ModelValidator:42 - Validating elements
00:35:10.229 [Worker-12] DEBUG o.a.p.ModelValidator:62 - Validating with EApplicationHandler: [com.nng.bs15.BS15Application]
00:35:10.230 [Worker-12] ERROR o.a.h.AnnotationHelper:127 - No application class registered in the AndroidManifest.xml
00:35:10.230 [Worker-12] WARN  o.a.p.ModelValidator:69 - Element EApplicationHandler unvalidated by 
00:35:10.230 [Worker-12] INFO  o.a.p.ModelProcessor:69 - Processing root elements
00:35:10.230 [Worker-12] INFO  o.a.p.ModelProcessor:77 - Processing enclosed elements
00:35:10.231 [Worker-12] INFO  o.a.AndroidAnnotationProcessor:250 - Number of files generated by AndroidAnnotations: 0
00:35:10.232 [Worker-12] INFO  o.a.g.ApiCodeGenerator:52 - Writting following API classes in project: []
00:35:10.232 [Worker-12] INFO  o.a.p.TimeStats:81 - Time measurements: [Whole Processing = 85 ms], [Extract Manifest = 38 ms], [Extract Annotations = 36 ms], [Find R Classes = 6 ms], [Validate Annotations = 1 ms], [Process Annotations = 1 ms], [Generate Sources = 1 ms], 
00:35:10.233 [Worker-12] INFO  o.a.AndroidAnnotationProcessor:122 - Finish processing
00:35:12.469 [Worker-10] INFO  o.a.AndroidAnnotationProcessor:84 - Initialize AndroidAnnotations 3.1 with options {phase=BUILD}
00:35:57.159 [Worker-13] INFO  o.a.AndroidAnnotationProcessor:84 - Initialize AndroidAnnotations 3.1 with options {phase=BUILD}
00:36:22.422 [Worker-11] INFO  o.a.AndroidAnnotationProcessor:84 - Initialize AndroidAnnotations 3.1 with options {phase=BUILD}
00:36:37.383 [Worker-12] INFO  o.a.AndroidAnnotationProcessor:84 - Initialize AndroidAnnotations 3.1 with options {phase=BUILD}
00:36:37.384 [Worker-12] INFO  o.a.AndroidAnnotationProcessor:108 - Start processing for 2 annotations on 1 elements
00:36:37.396 [Worker-12] DEBUG o.a.h.AndroidManifestFinder:137 - AndroidManifest.xml file found in parent folder /Users/kisstajmi/Documents/workspace/BS15: /Users/kisstajmi/Documents/workspace/BS15/AndroidManifest.xml
00:36:37.422 [Worker-12] INFO  o.a.AndroidAnnotationProcessor:171 - AndroidManifest.xml found: AndroidManifest [applicationPackage=com.nng.bs15, componentQualifiedNames=[com.nng.bs15.MainActivity_], permissionQualifiedNames=[], applicationClassName=com.nng.bs15.BS15Application_, libraryProject=false, debugabble=false, minSdkVersion=14, maxSdkVersion=-1, targetSdkVersion=21]
00:36:37.423 [Worker-12] INFO  o.a.r.ProjectRClassFinder:50 - Found project R class: com.nng.bs15.R
00:36:37.424 [Worker-12] INFO  o.a.r.AndroidRClassFinder:44 - Found Android class: android.R
00:36:37.428 [Worker-12] INFO  o.a.p.ModelValidator:42 - Validating elements
00:36:37.428 [Worker-12] DEBUG o.a.p.ModelValidator:62 - Validating with EActivityHandler: [com.nng.bs15.MainActivity]
00:36:37.447 [Worker-12] DEBUG o.a.p.ModelValidator:62 - Validating with OptionsMenuHandler: [com.nng.bs15.MainActivity]
00:36:37.448 [Worker-12] INFO  o.a.p.ModelProcessor:69 - Processing root elements
00:36:37.448 [Worker-12] DEBUG o.a.p.ModelProcessor:160 - Processing root elements EActivityHandler: [com.nng.bs15.MainActivity]
00:36:37.453 [Worker-12] INFO  o.a.p.ModelProcessor:77 - Processing enclosed elements
00:36:37.453 [Worker-12] INFO  o.a.AndroidAnnotationProcessor:250 - Number of files generated by AndroidAnnotations: 1
00:36:37.470 [Worker-12] INFO  o.a.g.ApiCodeGenerator:52 - Writting following API classes in project: []
00:36:37.471 [Worker-12] DEBUG o.a.g.SourceCodewriter:55 - Generating class: com.nng.bs15.MainActivity_
00:36:37.483 [Worker-12] INFO  o.a.p.TimeStats:81 - Time measurements: [Whole Processing = 99 ms], [Generate Sources = 30 ms], [Extract Manifest = 26 ms], [Validate Annotations = 20 ms], [Extract Annotations = 12 ms], [Find R Classes = 5 ms], [Process Annotations = 5 ms], 
00:36:37.484 [Worker-12] INFO  o.a.AndroidAnnotationProcessor:122 - Finish processing
00:38:38.528 [Worker-1] INFO  o.a.AndroidAnnotationProcessor:84 - Initialize AndroidAnnotations 3.1 with options {phase=BUILD}
00:38:38.564 [Worker-1] INFO  o.a.AndroidAnnotationProcessor:108 - Start processing for 1 annotations on 2 elements
00:38:38.601 [Worker-1] DEBUG o.a.h.AndroidManifestFinder:137 - AndroidManifest.xml file found in parent folder /Users/kisstajmi/Documents/workspace/BS15: /Users/kisstajmi/Documents/workspace/BS15/AndroidManifest.xml
00:38:38.627 [Worker-1] INFO  o.a.AndroidAnnotationProcessor:171 - AndroidManifest.xml found: AndroidManifest [applicationPackage=com.nng.bs15, componentQualifiedNames=[com.nng.bs15.MainActivity_], permissionQualifiedNames=[], applicationClassName=com.nng.bs15.BS15Application_, libraryProject=false, debugabble=false, minSdkVersion=14, maxSdkVersion=-1, targetSdkVersion=21]
00:38:38.628 [Worker-1] INFO  o.a.r.ProjectRClassFinder:50 - Found project R class: com.nng.bs15.R
00:38:38.629 [Worker-1] INFO  o.a.r.AndroidRClassFinder:44 - Found Android class: android.R
00:38:38.637 [Worker-1] INFO  o.a.p.ModelValidator:42 - Validating elements
00:38:38.637 [Worker-1] DEBUG o.a.p.ModelValidator:62 - Validating with EApplicationHandler: [com.nng.bs15.BS15Application]
00:38:38.638 [Worker-1] INFO  o.a.p.ModelProcessor:69 - Processing root elements
00:38:38.638 [Worker-1] DEBUG o.a.p.ModelProcessor:160 - Processing root elements EApplicationHandler: [com.nng.bs15.BS15Application]
00:38:38.669 [Worker-1] INFO  o.a.p.ModelProcessor:77 - Processing enclosed elements
00:38:38.670 [Worker-1] INFO  o.a.AndroidAnnotationProcessor:250 - Number of files generated by AndroidAnnotations: 1
00:38:38.670 [Worker-1] INFO  o.a.g.ApiCodeGenerator:52 - Writting following API classes in project: []
00:38:38.693 [Worker-1] DEBUG o.a.g.SourceCodewriter:55 - Generating class: com.nng.bs15.BS15Application_
00:38:38.701 [Worker-1] INFO  o.a.p.TimeStats:81 - Time measurements: [Whole Processing = 137 ms], [Extract Annotations = 36 ms], [Process Annotations = 32 ms], [Generate Sources = 31 ms], [Extract Manifest = 26 ms], [Find R Classes = 9 ms], [Validate Annotations = 1 ms], 
00:38:38.701 [Worker-1] INFO  o.a.AndroidAnnotationProcessor:122 - Finish processing
00:44:21.122 [Worker-12] INFO  o.a.AndroidAnnotationProcessor:84 - Initialize AndroidAnnotations 3.1 with options {phase=BUILD}
00:44:21.365 [Worker-12] INFO  o.a.AndroidAnnotationProcessor:108 - Start processing for 6 annotations on 6 elements
00:44:21.398 [Worker-12] DEBUG o.a.h.AndroidManifestFinder:137 - AndroidManifest.xml file found in parent folder /Users/kisstajmi/Documents/workspace/BS15: /Users/kisstajmi/Documents/workspace/BS15/AndroidManifest.xml
00:44:21.399 [Worker-12] INFO  o.a.AndroidAnnotationProcessor:171 - AndroidManifest.xml found: AndroidManifest [applicationPackage=com.nng.bs15, componentQualifiedNames=[com.nng.bs15.MainActivity_], permissionQualifiedNames=[], applicationClassName=com.nng.bs15.BS15Application_, libraryProject=false, debugabble=false, minSdkVersion=14, maxSdkVersion=-1, targetSdkVersion=21]
00:44:21.399 [Worker-12] INFO  o.a.r.ProjectRClassFinder:50 - Found project R class: com.nng.bs15.R
00:44:21.400 [Worker-12] INFO  o.a.r.AndroidRClassFinder:44 - Found Android class: android.R
00:44:21.409 [Worker-12] INFO  o.a.p.ModelValidator:42 - Validating elements
00:44:21.409 [Worker-12] DEBUG o.a.p.ModelValidator:62 - Validating with EActivityHandler: [com.nng.bs15.MainActivity]
00:44:21.410 [Worker-12] DEBUG o.a.p.ModelValidator:62 - Validating with EFragmentHandler: [com.nng.bs15.SelectActionFragment, com.nng.bs15.RegisterDatasFragment]
00:44:21.411 [Worker-12] DEBUG o.a.p.ModelValidator:62 - Validating with ViewByIdHandler: [save, reg_keyboard, sel_add_new_test_data, reg_text, sel_add_new_learning_data]
00:44:21.415 [Worker-12] DEBUG o.a.p.ModelValidator:62 - Validating with ClickHandler: [public void onClick(android.view.View) ]
00:44:21.416 [Worker-12] DEBUG o.a.p.ModelValidator:62 - Validating with AppHandler: [app]
00:44:21.417 [Worker-12] DEBUG o.a.p.ModelValidator:62 - Validating with OptionsMenuHandler: [com.nng.bs15.MainActivity]
00:44:21.417 [Worker-12] INFO  o.a.p.ModelProcessor:69 - Processing root elements
00:44:21.418 [Worker-12] DEBUG o.a.p.ModelProcessor:160 - Processing root elements EActivityHandler: [com.nng.bs15.MainActivity]
00:44:21.420 [Worker-12] DEBUG o.a.p.ModelProcessor:160 - Processing root elements EFragmentHandler: [com.nng.bs15.SelectActionFragment, com.nng.bs15.RegisterDatasFragment]
00:44:21.421 [Worker-12] INFO  o.a.p.ModelProcessor:77 - Processing enclosed elements
00:44:21.421 [Worker-12] DEBUG o.a.p.ModelProcessor:89 - Processing enclosed elements with ViewByIdHandler: [org.androidannotations.model.AnnotationElements$AnnotatedAndRootElements@5ef25491, org.androidannotations.model.AnnotationElements$AnnotatedAndRootElements@55f6d8af, org.androidannotations.model.AnnotationElements$AnnotatedAndRootElements@7af19deb, org.androidannotations.model.AnnotationElements$AnnotatedAndRootElements@59894f72, org.androidannotations.model.AnnotationElements$AnnotatedAndRootElements@26f548f9]
00:44:21.423 [Worker-12] DEBUG o.a.p.ModelProcessor:89 - Processing enclosed elements with ClickHandler: [org.androidannotations.model.AnnotationElements$AnnotatedAndRootElements@1336cd67]
00:44:21.423 [Worker-12] DEBUG o.a.p.ModelProcessor:89 - Processing enclosed elements with AppHandler: [org.androidannotations.model.AnnotationElements$AnnotatedAndRootElements@2bb806fb]
00:44:21.424 [Worker-12] DEBUG o.a.p.ModelProcessor:89 - Processing enclosed elements with OptionsMenuHandler: [org.androidannotations.model.AnnotationElements$AnnotatedAndRootElements@6595302b]
00:44:21.424 [Worker-12] INFO  o.a.AndroidAnnotationProcessor:250 - Number of files generated by AndroidAnnotations: 3
00:44:21.424 [Worker-12] INFO  o.a.g.ApiCodeGenerator:52 - Writting following API classes in project: []
00:44:21.425 [Worker-12] DEBUG o.a.g.SourceCodewriter:55 - Generating class: com.nng.bs15.MainActivity_
00:44:21.426 [Worker-12] DEBUG o.a.g.SourceCodewriter:55 - Generating class: com.nng.bs15.RegisterDatasFragment_
00:44:21.497 [Worker-12] DEBUG o.a.g.SourceCodewriter:55 - Generating class: com.nng.bs15.SelectActionFragment_
00:44:21.499 [Worker-12] INFO  o.a.p.TimeStats:81 - Time measurements: [Whole Processing = 134 ms], [Generate Sources = 75 ms], [Extract Annotations = 32 ms], [Find R Classes = 10 ms], [Validate Annotations = 8 ms], [Process Annotations = 7 ms], [Extract Manifest = 2 ms], 
00:44:21.499 [Worker-12] INFO  o.a.AndroidAnnotationProcessor:122 - Finish processing
00:47:56.612 [Worker-1] INFO  o.a.AndroidAnnotationProcessor:84 - Initialize AndroidAnnotations 3.1 with options {phase=BUILD}
00:47:56.843 [Worker-1] INFO  o.a.AndroidAnnotationProcessor:108 - Start processing for 6 annotations on 6 elements
00:47:56.876 [Worker-1] DEBUG o.a.h.AndroidManifestFinder:137 - AndroidManifest.xml file found in parent folder /Users/kisstajmi/Documents/workspace/BS15: /Users/kisstajmi/Documents/workspace/BS15/AndroidManifest.xml
00:47:56.877 [Worker-1] INFO  o.a.AndroidAnnotationProcessor:171 - AndroidManifest.xml found: AndroidManifest [applicationPackage=com.nng.bs15, componentQualifiedNames=[com.nng.bs15.MainActivity_], permissionQualifiedNames=[], applicationClassName=com.nng.bs15.BS15Application_, libraryProject=false, debugabble=false, minSdkVersion=14, maxSdkVersion=-1, targetSdkVersion=21]
00:47:56.878 [Worker-1] INFO  o.a.r.ProjectRClassFinder:50 - Found project R class: com.nng.bs15.R
00:47:56.879 [Worker-1] INFO  o.a.r.AndroidRClassFinder:44 - Found Android class: android.R
00:47:56.887 [Worker-1] INFO  o.a.p.ModelValidator:42 - Validating elements
00:47:56.888 [Worker-1] DEBUG o.a.p.ModelValidator:62 - Validating with EActivityHandler: [com.nng.bs15.MainActivity]
00:47:56.889 [Worker-1] DEBUG o.a.p.ModelValidator:62 - Validating with EFragmentHandler: [com.nng.bs15.SelectActionFragment, com.nng.bs15.RegisterDatasFragment]
00:47:56.889 [Worker-1] DEBUG o.a.p.ModelValidator:62 - Validating with ViewByIdHandler: [reg_keyboard, sel_add_new_learning_data, save, sel_add_new_test_data, reg_text]
00:47:56.895 [Worker-1] DEBUG o.a.p.ModelValidator:62 - Validating with ClickHandler: [public void onClick(android.view.View) ]
00:47:56.895 [Worker-1] DEBUG o.a.p.ModelValidator:62 - Validating with AppHandler: [app]
00:47:56.896 [Worker-1] DEBUG o.a.p.ModelValidator:62 - Validating with OptionsMenuHandler: [com.nng.bs15.MainActivity]
00:47:56.897 [Worker-1] INFO  o.a.p.ModelProcessor:69 - Processing root elements
00:47:56.897 [Worker-1] DEBUG o.a.p.ModelProcessor:160 - Processing root elements EActivityHandler: [com.nng.bs15.MainActivity]
00:47:56.899 [Worker-1] DEBUG o.a.p.ModelProcessor:160 - Processing root elements EFragmentHandler: [com.nng.bs15.SelectActionFragment, com.nng.bs15.RegisterDatasFragment]
00:47:56.900 [Worker-1] INFO  o.a.p.ModelProcessor:77 - Processing enclosed elements
00:47:56.900 [Worker-1] DEBUG o.a.p.ModelProcessor:89 - Processing enclosed elements with ViewByIdHandler: [org.androidannotations.model.AnnotationElements$AnnotatedAndRootElements@5d6ba48a, org.androidannotations.model.AnnotationElements$AnnotatedAndRootElements@1e03de20, org.androidannotations.model.AnnotationElements$AnnotatedAndRootElements@5693d377, org.androidannotations.model.AnnotationElements$AnnotatedAndRootElements@1cd434cd, org.androidannotations.model.AnnotationElements$AnnotatedAndRootElements@53cfe442]
00:47:56.901 [Worker-1] DEBUG o.a.p.ModelProcessor:89 - Processing enclosed elements with ClickHandler: [org.androidannotations.model.AnnotationElements$AnnotatedAndRootElements@3dc03119]
00:47:56.901 [Worker-1] DEBUG o.a.p.ModelProcessor:89 - Processing enclosed elements with AppHandler: [org.androidannotations.model.AnnotationElements$AnnotatedAndRootElements@6898c9b1]
00:47:56.901 [Worker-1] DEBUG o.a.p.ModelProcessor:89 - Processing enclosed elements with OptionsMenuHandler: [org.androidannotations.model.AnnotationElements$AnnotatedAndRootElements@20d84fa2]
00:47:56.902 [Worker-1] INFO  o.a.AndroidAnnotationProcessor:250 - Number of files generated by AndroidAnnotations: 3
00:47:56.902 [Worker-1] INFO  o.a.g.ApiCodeGenerator:52 - Writting following API classes in project: []
00:47:56.902 [Worker-1] DEBUG o.a.g.SourceCodewriter:55 - Generating class: com.nng.bs15.MainActivity_
00:47:56.907 [Worker-1] DEBUG o.a.g.SourceCodewriter:55 - Generating class: com.nng.bs15.RegisterDatasFragment_
00:47:56.974 [Worker-1] DEBUG o.a.g.SourceCodewriter:55 - Generating class: com.nng.bs15.SelectActionFragment_
00:47:56.984 [Worker-1] INFO  o.a.p.TimeStats:81 - Time measurements: [Whole Processing = 141 ms], [Generate Sources = 82 ms], [Extract Annotations = 31 ms], [Validate Annotations = 10 ms], [Find R Classes = 9 ms], [Process Annotations = 5 ms], [Extract Manifest = 2 ms], 
00:47:56.984 [Worker-1] INFO  o.a.AndroidAnnotationProcessor:122 - Finish processing
00:52:46.353 [Worker-11] INFO  o.a.AndroidAnnotationProcessor:84 - Initialize AndroidAnnotations 3.1 with options {phase=BUILD}
00:52:46.373 [Worker-11] INFO  o.a.AndroidAnnotationProcessor:108 - Start processing for 3 annotations on 1 elements
00:52:46.384 [Worker-11] DEBUG o.a.h.AndroidManifestFinder:137 - AndroidManifest.xml file found in parent folder /Users/kisstajmi/Documents/workspace/BS15: /Users/kisstajmi/Documents/workspace/BS15/AndroidManifest.xml
00:52:46.439 [Worker-11] INFO  o.a.AndroidAnnotationProcessor:171 - AndroidManifest.xml found: AndroidManifest [applicationPackage=com.nng.bs15, componentQualifiedNames=[com.nng.bs15.MainActivity_], permissionQualifiedNames=[], applicationClassName=com.nng.bs15.BS15Application_, libraryProject=false, debugabble=false, minSdkVersion=14, maxSdkVersion=-1, targetSdkVersion=21]
00:52:46.440 [Worker-11] INFO  o.a.r.ProjectRClassFinder:50 - Found project R class: com.nng.bs15.R
00:52:46.454 [Worker-11] INFO  o.a.r.AndroidRClassFinder:44 - Found Android class: android.R
00:52:46.496 [Worker-11] INFO  o.a.p.ModelValidator:42 - Validating elements
00:52:46.497 [Worker-11] DEBUG o.a.p.ModelValidator:62 - Validating with EFragmentHandler: [com.nng.bs15.RegisterDatasFragment]
00:52:46.497 [Worker-11] DEBUG o.a.p.ModelValidator:62 - Validating with ViewByIdHandler: [reg_text, reg_keyboard, reg_save]
00:52:46.503 [Worker-11] DEBUG o.a.p.ModelValidator:62 - Validating with ClickHandler: [public void onClick(android.view.View) ]
00:52:46.503 [Worker-11] INFO  o.a.p.ModelProcessor:69 - Processing root elements
00:52:46.504 [Worker-11] DEBUG o.a.p.ModelProcessor:160 - Processing root elements EFragmentHandler: [com.nng.bs15.RegisterDatasFragment]
00:52:46.504 [Worker-11] INFO  o.a.p.ModelProcessor:77 - Processing enclosed elements
00:52:46.505 [Worker-11] INFO  o.a.AndroidAnnotationProcessor:250 - Number of files generated by AndroidAnnotations: 1
00:52:46.505 [Worker-11] INFO  o.a.g.ApiCodeGenerator:52 - Writting following API classes in project: []
00:52:46.505 [Worker-11] DEBUG o.a.g.SourceCodewriter:55 - Generating class: com.nng.bs15.RegisterDatasFragment_
00:52:46.583 [Worker-11] INFO  o.a.p.TimeStats:81 - Time measurements: [Whole Processing = 210 ms], [Generate Sources = 78 ms], [Find R Classes = 56 ms], [Extract Manifest = 55 ms], [Extract Annotations = 11 ms], [Validate Annotations = 7 ms], [Process Annotations = 2 ms], 
00:52:46.584 [Worker-11] INFO  o.a.AndroidAnnotationProcessor:122 - Finish processing
